<?xml version="1.0" encoding="UTF-8"?>
<testng-results skipped="0" failed="2" total="3" passed="1">
  <reporter-output>
  </reporter-output>
  <suite name="POCSeleniumSauce" duration-ms="72821" started-at="2013-07-22T10:41:50Z" finished-at="2013-07-22T10:43:03Z">
    <groups>
    </groups>
    <test name="RESTCall" duration-ms="52986" started-at="2013-07-22T10:41:50Z" finished-at="2013-07-22T10:42:43Z">
      <class name="com.sni.test.TC01_RestAndWeb">
        <test-method status="PASS" signature="setUp(java.lang.String, java.lang.String, java.lang.String, java.lang.String, java.lang.String, java.lang.String, java.lang.reflect.Method)[pri:0, instance:com.sni.test.TC01_RestAndWeb@4344ee21]" name="setUp" is-config="true" duration-ms="8687" started-at="2013-07-22T10:41:50Z" finished-at="2013-07-22T10:41:59Z">
          <params>
            <param index="0">
              <value>
                <![CDATA[ScrippsQA1]]>
              </value>
            </param>
            <param index="1">
              <value>
                <![CDATA[2e780720-5e06-4e26-bf60-39960657a049]]>
              </value>
            </param>
            <param index="2">
              <value>
                <![CDATA[Windows 2003]]>
              </value>
            </param>
            <param index="3">
              <value>
                <![CDATA[firefox]]>
              </value>
            </param>
            <param index="4">
              <value>
                <![CDATA[17]]>
              </value>
            </param>
            <param index="5">
              <value>
                <![CDATA[1550012519]]>
              </value>
            </param>
            <param index="6">
              <value>
                <![CDATA[public void com.sni.test.TC01_RestAndWeb.RESTUsingBrowser(java.lang.String)]]>
              </value>
            </param>
          </params>
        </test-method>
        <test-method status="FAIL" signature="RESTUsingBrowser(java.lang.String)[pri:0, instance:com.sni.test.TC01_RestAndWeb@4344ee21]" name="RESTUsingBrowser" duration-ms="43972" started-at="2013-07-22T10:41:59Z" finished-at="2013-07-22T10:42:43Z">
          <params>
            <param index="0">
              <value>
                <![CDATA[1550012519]]>
              </value>
            </param>
          </params>
          <exception class="java.lang.AssertionError">
            <message>
              <![CDATA[The response message didn't have the user ID]]>
            </message>
            <full-stacktrace>
              <![CDATA[java.lang.AssertionError: The response message didn't have the user ID
	at com.sni.test.TC01_RestAndWeb.RESTUsingBrowser(TC01_RestAndWeb.java:69)
	at sun.reflect.NativeMethodAccessorImpl.invoke0(Native Method)
	at sun.reflect.NativeMethodAccessorImpl.invoke(NativeMethodAccessorImpl.java:57)
	at sun.reflect.DelegatingMethodAccessorImpl.invoke(DelegatingMethodAccessorImpl.java:43)
	at java.lang.reflect.Method.invoke(Method.java:606)
	at org.testng.internal.MethodInvocationHelper.invokeMethod(MethodInvocationHelper.java:80)
	at org.testng.internal.Invoker.invokeMethod(Invoker.java:691)
	at org.testng.internal.Invoker.invokeTestMethod(Invoker.java:883)
	at org.testng.internal.Invoker.invokeTestMethods(Invoker.java:1208)
	at org.testng.internal.TestMethodWorker.invokeTestMethods(TestMethodWorker.java:127)
	at org.testng.internal.TestMethodWorker.run(TestMethodWorker.java:111)
	at org.testng.TestRunner.privateRun(TestRunner.java:758)
	at org.testng.TestRunner.run(TestRunner.java:613)
	at org.testng.SuiteRunner.runTest(SuiteRunner.java:334)
	at org.testng.SuiteRunner.runSequentially(SuiteRunner.java:329)
	at org.testng.SuiteRunner.privateRun(SuiteRunner.java:291)
	at org.testng.SuiteRunner.run(SuiteRunner.java:240)
	at org.testng.SuiteRunnerWorker.runSuite(SuiteRunnerWorker.java:53)
	at org.testng.SuiteRunnerWorker.run(SuiteRunnerWorker.java:87)
	at org.testng.TestNG.runSuitesSequentially(TestNG.java:1137)
	at org.testng.TestNG.runSuitesLocally(TestNG.java:1062)
	at org.testng.TestNG.run(TestNG.java:974)
	at org.apache.maven.surefire.testng.TestNGExecutor.run(TestNGExecutor.java:170)
	at org.apache.maven.surefire.testng.TestNGXmlTestSuite.execute(TestNGXmlTestSuite.java:84)
	at org.apache.maven.surefire.testng.TestNGProvider.invoke(TestNGProvider.java:92)
	at org.apache.maven.surefire.booter.ForkedBooter.invokeProviderInSameClassLoader(ForkedBooter.java:200)
	at org.apache.maven.surefire.booter.ForkedBooter.runSuitesInProcess(ForkedBooter.java:153)
	at org.apache.maven.surefire.booter.ForkedBooter.main(ForkedBooter.java:103)
]]>
            </full-stacktrace>
          </exception>
        </test-method>
        <test-method status="PASS" signature="tearDown()[pri:0, instance:com.sni.test.TC01_RestAndWeb@4344ee21]" name="tearDown" is-config="true" duration-ms="280" started-at="2013-07-22T10:42:43Z" finished-at="2013-07-22T10:42:43Z">
        </test-method>
      </class>
    </test>
    <test name="WebUITest" duration-ms="10713" started-at="2013-07-22T10:42:43Z" finished-at="2013-07-22T10:42:54Z">
      <class name="com.sni.test.TC01_RestAndWeb">
        <test-method status="PASS" signature="setUp(java.lang.String, java.lang.String, java.lang.String, java.lang.String, java.lang.String, java.lang.String, java.lang.reflect.Method)[pri:0, instance:com.sni.test.TC01_RestAndWeb@6d7accc9]" name="setUp" is-config="true" duration-ms="5324" started-at="2013-07-22T10:42:43Z" finished-at="2013-07-22T10:42:48Z">
          <params>
            <param index="0">
              <value>
                <![CDATA[ScrippsQA1]]>
              </value>
            </param>
            <param index="1">
              <value>
                <![CDATA[2e780720-5e06-4e26-bf60-39960657a049]]>
              </value>
            </param>
            <param index="2">
              <value>
                <![CDATA[Windows 7]]>
              </value>
            </param>
            <param index="3">
              <value>
                <![CDATA[Chrome]]>
              </value>
            </param>
            <param index="4">
              <value>
                <![CDATA[27]]>
              </value>
            </param>
            <param index="5">
              <value>
                <![CDATA[1550012520]]>
              </value>
            </param>
            <param index="6">
              <value>
                <![CDATA[public void com.sni.test.TC01_RestAndWeb.WebUITest(java.lang.reflect.Method)]]>
              </value>
            </param>
          </params>
        </test-method>
        <test-method status="PASS" signature="WebUITest(java.lang.reflect.Method)[pri:0, instance:com.sni.test.TC01_RestAndWeb@6d7accc9]" name="WebUITest" duration-ms="5110" started-at="2013-07-22T10:42:48Z" finished-at="2013-07-22T10:42:53Z">
          <params>
            <param index="0">
              <value>
                <![CDATA[public void com.sni.test.TC01_RestAndWeb.WebUITest(java.lang.reflect.Method)]]>
              </value>
            </param>
          </params>
        </test-method>
        <test-method status="PASS" signature="tearDown()[pri:0, instance:com.sni.test.TC01_RestAndWeb@6d7accc9]" name="tearDown" is-config="true" duration-ms="276" started-at="2013-07-22T10:42:53Z" finished-at="2013-07-22T10:42:54Z">
        </test-method>
      </class>
    </test>
    <test name="RESTCallUsingJersey" duration-ms="9059" started-at="2013-07-22T10:42:54Z" finished-at="2013-07-22T10:43:03Z">
      <class name="com.sni.test.TC01_RestAndWeb">
        <test-method status="PASS" signature="setUp(java.lang.String, java.lang.String, java.lang.String, java.lang.String, java.lang.String, java.lang.String, java.lang.reflect.Method)[pri:0, instance:com.sni.test.TC01_RestAndWeb@316ce88a]" name="setUp" is-config="true" duration-ms="7878" started-at="2013-07-22T10:42:54Z" finished-at="2013-07-22T10:43:02Z">
          <params>
            <param index="0">
              <value>
                <![CDATA[ScrippsQA1]]>
              </value>
            </param>
            <param index="1">
              <value>
                <![CDATA[2e780720-5e06-4e26-bf60-39960657a049]]>
              </value>
            </param>
            <param index="2">
              <value>
                <![CDATA[Windows 2003]]>
              </value>
            </param>
            <param index="3">
              <value>
                <![CDATA[firefox]]>
              </value>
            </param>
            <param index="4">
              <value>
                <![CDATA[17]]>
              </value>
            </param>
            <param index="5">
              <value>
                <![CDATA[1550012520]]>
              </value>
            </param>
            <param index="6">
              <value>
                <![CDATA[public void com.sni.test.TC01_RestAndWeb.RESTUsingHtmlUnit(java.lang.String) throws java.lang.RuntimeException,java.net.MalformedURLException]]>
              </value>
            </param>
          </params>
        </test-method>
        <test-method status="FAIL" signature="RESTUsingHtmlUnit(java.lang.String)[pri:0, instance:com.sni.test.TC01_RestAndWeb@316ce88a]" name="RESTUsingHtmlUnit" duration-ms="913" started-at="2013-07-22T10:43:02Z" finished-at="2013-07-22T10:43:02Z">
          <params>
            <param index="0">
              <value>
                <![CDATA[1550012520]]>
              </value>
            </param>
          </params>
          <exception class="java.lang.AssertionError">
            <message>
              <![CDATA[The response message didn't have the user ID]]>
            </message>
            <full-stacktrace>
              <![CDATA[java.lang.AssertionError: The response message didn't have the user ID
	at com.sni.test.TC01_RestAndWeb.RESTUsingHtmlUnit(TC01_RestAndWeb.java:108)
	at sun.reflect.NativeMethodAccessorImpl.invoke0(Native Method)
	at sun.reflect.NativeMethodAccessorImpl.invoke(NativeMethodAccessorImpl.java:57)
	at sun.reflect.DelegatingMethodAccessorImpl.invoke(DelegatingMethodAccessorImpl.java:43)
	at java.lang.reflect.Method.invoke(Method.java:606)
	at org.testng.internal.MethodInvocationHelper.invokeMethod(MethodInvocationHelper.java:80)
	at org.testng.internal.Invoker.invokeMethod(Invoker.java:691)
	at org.testng.internal.Invoker.invokeTestMethod(Invoker.java:883)
	at org.testng.internal.Invoker.invokeTestMethods(Invoker.java:1208)
	at org.testng.internal.TestMethodWorker.invokeTestMethods(TestMethodWorker.java:127)
	at org.testng.internal.TestMethodWorker.run(TestMethodWorker.java:111)
	at org.testng.TestRunner.privateRun(TestRunner.java:758)
	at org.testng.TestRunner.run(TestRunner.java:613)
	at org.testng.SuiteRunner.runTest(SuiteRunner.java:334)
	at org.testng.SuiteRunner.runSequentially(SuiteRunner.java:329)
	at org.testng.SuiteRunner.privateRun(SuiteRunner.java:291)
	at org.testng.SuiteRunner.run(SuiteRunner.java:240)
	at org.testng.SuiteRunnerWorker.runSuite(SuiteRunnerWorker.java:53)
	at org.testng.SuiteRunnerWorker.run(SuiteRunnerWorker.java:87)
	at org.testng.TestNG.runSuitesSequentially(TestNG.java:1137)
	at org.testng.TestNG.runSuitesLocally(TestNG.java:1062)
	at org.testng.TestNG.run(TestNG.java:974)
	at org.apache.maven.surefire.testng.TestNGExecutor.run(TestNGExecutor.java:170)
	at org.apache.maven.surefire.testng.TestNGXmlTestSuite.execute(TestNGXmlTestSuite.java:84)
	at org.apache.maven.surefire.testng.TestNGProvider.invoke(TestNGProvider.java:92)
	at org.apache.maven.surefire.booter.ForkedBooter.invokeProviderInSameClassLoader(ForkedBooter.java:200)
	at org.apache.maven.surefire.booter.ForkedBooter.runSuitesInProcess(ForkedBooter.java:153)
	at org.apache.maven.surefire.booter.ForkedBooter.main(ForkedBooter.java:103)
]]>
            </full-stacktrace>
          </exception>
        </test-method>
        <test-method status="PASS" signature="tearDown()[pri:0, instance:com.sni.test.TC01_RestAndWeb@316ce88a]" name="tearDown" is-config="true" duration-ms="265" started-at="2013-07-22T10:43:02Z" finished-at="2013-07-22T10:43:03Z">
        </test-method>
      </class>
    </test>
  </suite>
</testng-results>
