<?xml version="1.0" encoding="UTF-8"?>
<testng-results skipped="0" failed="2" total="3" passed="1">
  <reporter-output>
  </reporter-output>
  <suite name="POCSeleniumSauce" duration-ms="32023" started-at="2013-07-22T18:42:41Z" finished-at="2013-07-22T18:43:13Z">
    <groups>
    </groups>
    <test name="RESTCall" duration-ms="11789" started-at="2013-07-22T18:42:41Z" finished-at="2013-07-22T18:42:53Z">
      <class name="com.sni.test.TC01_RestAndWeb">
        <test-method status="PASS" signature="setUp(java.lang.String, java.lang.String, java.lang.String, java.lang.String, java.lang.String, java.lang.String, java.lang.reflect.Method)[pri:0, instance:com.sni.test.TC01_RestAndWeb@3895c737]" name="setUp" is-config="true" duration-ms="9030" started-at="2013-07-22T14:42:41Z" finished-at="2013-07-22T14:42:50Z">
          <params>
            <param index="0">
              <value>
                <![CDATA[ScrippsQA1]]>
              </value>
            </param>
            <param index="1">
              <value>
                <![CDATA[2e780720-5e06-4e26-bf60-39960657a049]]>
              </value>
            </param>
            <param index="2">
              <value>
                <![CDATA[Windows 2003]]>
              </value>
            </param>
            <param index="3">
              <value>
                <![CDATA[firefox]]>
              </value>
            </param>
            <param index="4">
              <value>
                <![CDATA[17]]>
              </value>
            </param>
            <param index="5">
              <value>
                <![CDATA[1550012519]]>
              </value>
            </param>
            <param index="6">
              <value>
                <![CDATA[public void com.sni.test.TC01_RestAndWeb.RESTUsingBrowser(java.lang.String)]]>
              </value>
            </param>
          </params>
          <reporter-output>
          </reporter-output>
        </test-method> <!-- setUp -->
        <test-method status="PASS" signature="RESTUsingBrowser(java.lang.String)[pri:0, instance:com.sni.test.TC01_RestAndWeb@3895c737]" name="RESTUsingBrowser" duration-ms="2446" started-at="2013-07-22T14:42:50Z" finished-at="2013-07-22T14:42:52Z">
          <params>
            <param index="0">
              <value>
                <![CDATA[1550012519]]>
              </value>
            </param>
          </params>
          <reporter-output>
          </reporter-output>
        </test-method> <!-- RESTUsingBrowser -->
        <test-method status="PASS" signature="tearDown()[pri:0, instance:com.sni.test.TC01_RestAndWeb@3895c737]" name="tearDown" is-config="true" duration-ms="273" started-at="2013-07-22T14:42:52Z" finished-at="2013-07-22T14:42:53Z">
          <reporter-output>
          </reporter-output>
        </test-method> <!-- tearDown -->
      </class> <!-- com.sni.test.TC01_RestAndWeb -->
    </test> <!-- RESTCall -->
    <test name="WebUITest" duration-ms="10731" started-at="2013-07-22T18:42:53Z" finished-at="2013-07-22T18:43:03Z">
      <class name="com.sni.test.TC01_RestAndWeb">
        <test-method status="PASS" signature="setUp(java.lang.String, java.lang.String, java.lang.String, java.lang.String, java.lang.String, java.lang.String, java.lang.reflect.Method)[pri:0, instance:com.sni.test.TC01_RestAndWeb@39c573cd]" name="setUp" is-config="true" duration-ms="4029" started-at="2013-07-22T14:42:53Z" finished-at="2013-07-22T14:42:57Z">
          <params>
            <param index="0">
              <value>
                <![CDATA[ScrippsQA1]]>
              </value>
            </param>
            <param index="1">
              <value>
                <![CDATA[2e780720-5e06-4e26-bf60-39960657a049]]>
              </value>
            </param>
            <param index="2">
              <value>
                <![CDATA[Windows 7]]>
              </value>
            </param>
            <param index="3">
              <value>
                <![CDATA[Chrome]]>
              </value>
            </param>
            <param index="4">
              <value>
                <![CDATA[27]]>
              </value>
            </param>
            <param index="5">
              <value>
                <![CDATA[1550012520]]>
              </value>
            </param>
            <param index="6">
              <value>
                <![CDATA[public void com.sni.test.TC01_RestAndWeb.WebUITest(java.lang.reflect.Method)]]>
              </value>
            </param>
          </params>
          <reporter-output>
          </reporter-output>
        </test-method> <!-- setUp -->
        <test-method status="FAIL" signature="WebUITest(java.lang.reflect.Method)[pri:0, instance:com.sni.test.TC01_RestAndWeb@39c573cd]" name="WebUITest" duration-ms="6210" started-at="2013-07-22T14:42:57Z" finished-at="2013-07-22T14:43:03Z">
          <params>
            <param index="0">
              <value>
                <![CDATA[public void com.sni.test.TC01_RestAndWeb.WebUITest(java.lang.reflect.Method)]]>
              </value>
            </param>
          </params>
          <exception class="java.lang.AssertionError">
            <message>
              <![CDATA[The query didn't throw any results]]>
            </message>
            <full-stacktrace>
              <![CDATA[java.lang.AssertionError: The query didn't throw any results
	at com.sni.test.TC01_RestAndWeb.WebUITest(TC01_RestAndWeb.java:86)
	at sun.reflect.NativeMethodAccessorImpl.invoke0(Native Method)
	at sun.reflect.NativeMethodAccessorImpl.invoke(NativeMethodAccessorImpl.java:57)
	at sun.reflect.DelegatingMethodAccessorImpl.invoke(DelegatingMethodAccessorImpl.java:43)
	at java.lang.reflect.Method.invoke(Method.java:606)
	at org.testng.internal.MethodInvocationHelper.invokeMethod(MethodInvocationHelper.java:84)
	at org.testng.internal.Invoker.invokeMethod(Invoker.java:714)
	at org.testng.internal.Invoker.invokeTestMethod(Invoker.java:901)
	at org.testng.internal.Invoker.invokeTestMethods(Invoker.java:1231)
	at org.testng.internal.TestMethodWorker.invokeTestMethods(TestMethodWorker.java:127)
	at org.testng.internal.TestMethodWorker.run(TestMethodWorker.java:111)
	at org.testng.TestRunner.privateRun(TestRunner.java:767)
	at org.testng.TestRunner.run(TestRunner.java:617)
	at org.testng.SuiteRunner.runTest(SuiteRunner.java:335)
	at org.testng.SuiteRunner.runSequentially(SuiteRunner.java:330)
	at org.testng.SuiteRunner.privateRun(SuiteRunner.java:291)
	at org.testng.SuiteRunner.run(SuiteRunner.java:240)
	at org.testng.SuiteRunnerWorker.runSuite(SuiteRunnerWorker.java:52)
	at org.testng.SuiteRunnerWorker.run(SuiteRunnerWorker.java:86)
	at org.testng.TestNG.runSuitesSequentially(TestNG.java:1224)
	at org.testng.TestNG.runSuitesLocally(TestNG.java:1149)
	at org.testng.TestNG.run(TestNG.java:1057)
	at org.testng.remote.RemoteTestNG.run(RemoteTestNG.java:111)
	at org.testng.remote.RemoteTestNG.initAndRun(RemoteTestNG.java:204)
	at org.testng.remote.RemoteTestNG.main(RemoteTestNG.java:175)
]]>
            </full-stacktrace>
          </exception> <!-- java.lang.AssertionError -->
          <reporter-output>
          </reporter-output>
        </test-method> <!-- WebUITest -->
        <test-method status="PASS" signature="tearDown()[pri:0, instance:com.sni.test.TC01_RestAndWeb@39c573cd]" name="tearDown" is-config="true" duration-ms="475" started-at="2013-07-22T14:43:03Z" finished-at="2013-07-22T14:43:03Z">
          <reporter-output>
          </reporter-output>
        </test-method> <!-- tearDown -->
      </class> <!-- com.sni.test.TC01_RestAndWeb -->
    </test> <!-- WebUITest -->
    <test name="RESTCallUsingJersey" duration-ms="9427" started-at="2013-07-22T18:43:04Z" finished-at="2013-07-22T18:43:13Z">
      <class name="com.sni.test.TC01_RestAndWeb">
        <test-method status="PASS" signature="setUp(java.lang.String, java.lang.String, java.lang.String, java.lang.String, java.lang.String, java.lang.String, java.lang.reflect.Method)[pri:0, instance:com.sni.test.TC01_RestAndWeb@588e2e94]" name="setUp" is-config="true" duration-ms="8238" started-at="2013-07-22T14:43:04Z" finished-at="2013-07-22T14:43:12Z">
          <params>
            <param index="0">
              <value>
                <![CDATA[ScrippsQA1]]>
              </value>
            </param>
            <param index="1">
              <value>
                <![CDATA[2e780720-5e06-4e26-bf60-39960657a049]]>
              </value>
            </param>
            <param index="2">
              <value>
                <![CDATA[Windows 2003]]>
              </value>
            </param>
            <param index="3">
              <value>
                <![CDATA[firefox]]>
              </value>
            </param>
            <param index="4">
              <value>
                <![CDATA[17]]>
              </value>
            </param>
            <param index="5">
              <value>
                <![CDATA[1550012520]]>
              </value>
            </param>
            <param index="6">
              <value>
                <![CDATA[public void com.sni.test.TC01_RestAndWeb.RESTUsingHtmlUnit(java.lang.String) throws java.lang.RuntimeException,java.net.MalformedURLException]]>
              </value>
            </param>
          </params>
          <reporter-output>
          </reporter-output>
        </test-method> <!-- setUp -->
        <test-method status="FAIL" signature="RESTUsingHtmlUnit(java.lang.String)[pri:0, instance:com.sni.test.TC01_RestAndWeb@588e2e94]" name="RESTUsingHtmlUnit" duration-ms="842" started-at="2013-07-22T14:43:12Z" finished-at="2013-07-22T14:43:13Z">
          <params>
            <param index="0">
              <value>
                <![CDATA[1550012520]]>
              </value>
            </param>
          </params>
          <exception class="java.lang.AssertionError">
            <message>
              <![CDATA[The response message didn't have the user ID]]>
            </message>
            <full-stacktrace>
              <![CDATA[java.lang.AssertionError: The response message didn't have the user ID
	at com.sni.test.TC01_RestAndWeb.RESTUsingHtmlUnit(TC01_RestAndWeb.java:108)
	at sun.reflect.NativeMethodAccessorImpl.invoke0(Native Method)
	at sun.reflect.NativeMethodAccessorImpl.invoke(NativeMethodAccessorImpl.java:57)
	at sun.reflect.DelegatingMethodAccessorImpl.invoke(DelegatingMethodAccessorImpl.java:43)
	at java.lang.reflect.Method.invoke(Method.java:606)
	at org.testng.internal.MethodInvocationHelper.invokeMethod(MethodInvocationHelper.java:84)
	at org.testng.internal.Invoker.invokeMethod(Invoker.java:714)
	at org.testng.internal.Invoker.invokeTestMethod(Invoker.java:901)
	at org.testng.internal.Invoker.invokeTestMethods(Invoker.java:1231)
	at org.testng.internal.TestMethodWorker.invokeTestMethods(TestMethodWorker.java:127)
	at org.testng.internal.TestMethodWorker.run(TestMethodWorker.java:111)
	at org.testng.TestRunner.privateRun(TestRunner.java:767)
	at org.testng.TestRunner.run(TestRunner.java:617)
	at org.testng.SuiteRunner.runTest(SuiteRunner.java:335)
	at org.testng.SuiteRunner.runSequentially(SuiteRunner.java:330)
	at org.testng.SuiteRunner.privateRun(SuiteRunner.java:291)
	at org.testng.SuiteRunner.run(SuiteRunner.java:240)
	at org.testng.SuiteRunnerWorker.runSuite(SuiteRunnerWorker.java:52)
	at org.testng.SuiteRunnerWorker.run(SuiteRunnerWorker.java:86)
	at org.testng.TestNG.runSuitesSequentially(TestNG.java:1224)
	at org.testng.TestNG.runSuitesLocally(TestNG.java:1149)
	at org.testng.TestNG.run(TestNG.java:1057)
	at org.testng.remote.RemoteTestNG.run(RemoteTestNG.java:111)
	at org.testng.remote.RemoteTestNG.initAndRun(RemoteTestNG.java:204)
	at org.testng.remote.RemoteTestNG.main(RemoteTestNG.java:175)
]]>
            </full-stacktrace>
          </exception> <!-- java.lang.AssertionError -->
          <reporter-output>
          </reporter-output>
        </test-method> <!-- RESTUsingHtmlUnit -->
        <test-method status="PASS" signature="tearDown()[pri:0, instance:com.sni.test.TC01_RestAndWeb@588e2e94]" name="tearDown" is-config="true" duration-ms="333" started-at="2013-07-22T14:43:13Z" finished-at="2013-07-22T14:43:13Z">
          <reporter-output>
          </reporter-output>
        </test-method> <!-- tearDown -->
      </class> <!-- com.sni.test.TC01_RestAndWeb -->
    </test> <!-- RESTCallUsingJersey -->
  </suite> <!-- POCSeleniumSauce -->
</testng-results>
